403.31
498.04
207.18
150.73
1082.08
262.61
1392.46
121.39
528.22
483.43
1345.69
362.22
213.26
1131.60
519.23
1589.56
1481.05
-9.98
203.79
353.42
920.44
117.73
1598.85
1053.52
1773.57
231.09
608.09
500.47
1024.29
286.36
282.38
317.33
229.44
196.06
143.52
368.11
347.03
193.68
469.32
450.26
495.05
199.61
135.35
454.16
309.89
304.28
1220.45
491.64
27.98
252.47
451.71
1348.68
428.83
166.96
38.11
1287.81
1064.97
279.00
-2.95
319.08
199.56
1796.94
70.93
84.98
411.03
502.76
798.12
499.86
1196.47
356.56
4.09
1810.83
677.39
447.96
76.34
519.19
1249.16
172.39
1106.22
346.68
769.82
264.78
674.87
121.63
-10.87
168.84
537.58
1747.63
550.18
1736.44
327.27
197.79
1203.49
378.16
462.94
192.58
297.86
756.09
214.57
8.21
498.60
981.63
1042.54
473.27
593.71
1488.29
433.57
1830.97
28.59
530.46
1253.34
416.34
-16.47
275.75
246.02
467.59
1793.34
1569.09
178.41
847.36
460.76
969.57
175.03
136.89
105.19
292.42
503.58
5.56
371.85
377.98
337.86
1000.27
1088.83
303.84
1453.33
170.14
5.11
1799.46
742.62
145.22
463.46
355.24
21.59
623.34
210.92
245.56
524.57
894.36
219.18
1354.55
493.16
190.87
337.16
184.41
16.19
740.86
231.41
1084.80
217.24
1811.23
1430.78
677.34
1586.44
483.89
1250.46
748.31
107.78
102.16
388.35
1015.50
1811.64
64.67
1255.87
257.45
161.37
929.57
94.44
103.76
1764.63
436.73
299.05
1443.51
306.08
430.59
184.35
4.12
105.13
1551.13
321.24
1212.96
262.78
261.35
359.21
403.25
397.21
96.72
314.79
250.12
198.09
455.18
347.22
359.55
123.59
1579.80
150.44
1490.07
1185.78
548.76
13.07
784.17
1585.99
356.42
1808.08
1133.19
116.65
304.45
1143.32
40.72
174.82
1429.56
1618.30
241.77
169.92
1260.55
420.32
1673.22
491.61
360.56
270.56
87.29
229.21
235.26
24.08
1713.72
1653.94
352.51
102.21
1506.92
415.22
215.62
236.19
1050.82
502.09
210.58
390.16
836.10
-1.04
516.81
25.85
678.65
658.18
1785.79
21.39
97.77
1244.77
50.66
696.43
1120.73
86.11
652.01
54.53
183.47
558.73
514.53
84.47
39.21
69.11
507.60
157.72
1390.75
787.60
270.01
172.26
788.41
393.82
791.94
29.19
696.65
14.36
783.00
160.37
559.96
1742.49
136.09
364.56
230.09
1413.75
478.33
1718.80
864.37
250.72
35.31
325.97
569.41
331.62
69.01
244.13
404.49
1403.60
1803.24
1622.70
493.83
305.34
215.65
542.10
487.10
1.92
152.00
986.34
1687.96
778.69
967.69
330.63
210.44
206.34
420.10
701.24
69.48
194.13
59.74
178.92
779.20
1282.46
1205.71
572.32
11.33
-3.59
1631.39
980.29
1592.80
394.42
-14.21
1149.58
467.31
386.17
1384.92
221.83
626.34
791.08
224.04
1307.89
54.01
228.96
198.26
198.63
385.14
308.07
731.03
184.37
134.58
78.54
322.51
266.73
1611.43
856.92
268.96
512.62
501.16
254.56
101.90
110.84
38.97
60.22
360.28
202.51
234.28
216.19
423.77
852.33
83.88
695.66
976.12
394.92
390.89
1580.00
651.09
6.94
22.41
1336.30
1488.22
238.06
178.65
1409.79
1686.63
170.85
1390.69
4.08
914.02
1599.98
159.78
1034.69
1005.94
565.95
1120.41
127.22
245.71
37.17
120.43
1356.96
394.40
459.50
1193.36
1359.12
1246.78
349.23
1529.24
964.67
112.00
141.57
1489.55
164.38
-3.73
744.04
265.82
1409.07
412.67
368.72
1350.61
404.43
1095.85
482.67
1533.09
181.45
54.73
1206.97
257.06
249.39
1558.00
1119.76
438.72
195.61
100.90
516.50
826.14
347.68
1240.86
673.45
389.07
71.56
-4.13
438.39
19.19
1781.78
1638.37
815.38
350.47
1808.24
194.82
506.73
390.91
239.25
1690.72
734.54
280.80
267.74
64.53
1544.25
119.33
1483.65
1449.82
75.73
1701.77
326.95
302.13
122.48
389.29
1710.37
193.32
303.46
672.46
207.06
918.16
591.37
288.03
411.62
128.02
235.51
206.54
69.22
1.26
305.56
143.21
97.28
171.27
522.15
1050.87
1775.37
307.86
360.74
1681.47
165.92
-12.73
296.04
183.99
161.67
315.94
-17.22
110.48
1704.90
249.12
436.88
397.38
1019.98
1741.62
337.75
69.67
939.06
318.36
129.87
803.66
381.07
281.04
532.28
1440.66
451.53
68.52
495.39
182.74
294.22
1137.43
109.06
984.38
360.14
331.01
1347.66
1637.17
1732.91
25.51
1371.27
948.02
373.88
73.60
497.77
504.67
1619.22
320.94
86.23
483.01
197.01
329.80
1616.27
869.56
52.67
164.51
884.70
5.32
175.24
375.39
1005.12
1702.65
507.39
1661.49
407.07
1239.60
206.78
139.71
273.11
1187.40
8.17
6.37
395.64
509.82
1086.58
1039.64
94.22
1292.74
498.63
536.97
1652.31
3.67
338.64
1395.84
22.02
235.86
857.61
632.59
246.94
284.13
172.99
26.66
666.18
1532.32
530.69
48.24
72.90
-7.11
89.63
143.65
733.12
1413.59
181.04
25.23
670.96
402.48
294.86
211.24
1476.34
729.79
254.05
350.74
345.24
853.66
466.48
176.81
1583.80
459.14
1198.40
1519.84
1751.27
91.51
329.74
98.24
314.35
63.82
1689.57
116.99
329.29
250.51
359.14
464.52
338.02
438.87
239.39
58.88
-10.30
-14.65
1474.86
-6.94
265.61
1430.82
1132.66
356.44
79.59
1676.66
478.33
950.45
22.80
1217.62
221.97
880.03
742.71
202.81
446.44
473.91
71.10
245.86
104.54
1468.53
41.48
9.28
-2.89
1598.41
1696.23
317.88
644.88
1094.38
139.84
500.81
1163.50
332.37
90.94
80.49
146.69
143.95
1260.00
1342.18
269.87
74.31
749.12
1311.39
414.33
289.96
405.43
977.54
180.54
391.04
168.43
1765.04
209.37
481.79
934.81
1283.29
529.19
151.80
533.68
1739.70
518.13
433.86
67.78
1103.85
501.97
369.36
96.07
527.63
1271.39
191.03
-11.96
436.32
226.65
1083.65
907.75
494.86
441.81
1573.47
75.56
454.21
269.52
97.82
207.23
273.67
1625.32
491.26
30.44
168.07
235.29
215.24
254.60
244.82
1005.80
1565.92
62.02
155.28
1747.49
129.73
231.57
1493.37
1587.33
58.23
-13.86
292.38
254.64
499.58
468.17
207.55
439.97
155.27
924.13
264.99
171.50
107.92
718.09
110.91
394.66
1616.86
723.81
1433.41
932.45
1213.12
1680.57
678.58
1411.34
463.62
556.45
651.22
368.49
259.62
723.04
956.35
524.80
325.61
261.23
598.14
33.27
1635.76
1773.66
301.88
200.25
620.26
1466.98
452.71
720.81
241.68
501.64
1365.91
34.68
452.28
350.83
1702.99
1485.28
718.23
324.31
1081.06
441.71
338.19
33.36
379.36
1278.23
348.25
1063.72
94.25
49.08
1671.91
1639.89
850.82
781.20
1048.96
1511.56
479.25
1715.16
1334.16
760.75
230.04
487.78
442.87
1207.94
498.64
272.43
571.82
356.20
68.39
1598.07
407.64
1252.00
377.69
1448.69
516.19
361.16
384.41
1693.56
312.49
1172.37
481.59
100.76
469.35
450.85
91.33
273.51
1245.58
1264.14
402.91
1194.31
474.12
1265.81
1035.27
820.67
1225.81
242.54
1389.49
512.14
866.98
477.85
-5.96
1569.02
467.73
410.83
1824.91
1189.35
716.27
25.71
255.97
786.81
155.60
408.54
1774.36
1586.50
67.43
1100.34
1541.16
723.31
170.98
128.82
310.60
295.31
1819.49
606.99
-4.28
1227.96
405.36
48.28
89.22
723.74
704.73
87.52
283.29
1026.03
923.81
1585.36
651.27
323.03
1455.19
1058.90
460.68
251.82
416.61
1036.02
535.31
516.60
1127.80
175.78
1783.11
1831.84
102.26
528.68
1228.03
28.49
153.53
510.08
1133.08
238.37
526.14
174.63
778.32
209.54
1794.97
78.96
818.53
-0.37
336.91
1599.57
158.29
526.24
1307.23
366.84
1106.87
214.78
123.04
1487.43
839.86
706.05
110.56
195.39
586.94
484.53
-9.34
274.16
475.75
759.60
1718.22
1308.51
180.72
430.36
293.52
121.33
450.73
214.09
506.46
1039.95
305.23
478.31
148.54
423.90
383.30
453.01
334.06
100.27
256.21
186.73
1517.07
1762.83
396.50
528.42
653.52
1339.16
69.84
409.80
1569.56
19.46
843.10
405.22
1160.38
-10.28
1232.33
1766.64
364.61
895.01
445.27
746.44
824.67
564.62
489.49
1180.15
1073.75
260.84
402.86
87.12
957.87
430.96
482.26
263.51
246.59
812.16
1202.95
1345.12
237.12
394.25
493.43
-17.20
504.19
344.44
182.43
-12.77
-8.62
498.03
154.67
200.58
685.90
1079.74
370.83
-9.85
178.22
